(node:60380) [MONGOOSE] Warning: Duplicate schema index on {"slug":1} found. This is often due to declaring an index using both "index: true" and "schema.index()". Please remove the duplicate index definition.
(Use `node --trace-warnings ...` to show where the warning was created)
ðŸš€ Portfolio server running on port 3002
ðŸ“¡ Socket.IO server ready for connections
ðŸŒ Frontend URL: http://localhost:3000
Redis server not available, running in fallback mode
Redis server not available, running in fallback mode
Redis server not available, running in fallback mode
Redis server not available, running in fallback mode
Redis server not available, running in fallback mode
Redis server not available, running in fallback mode
Redis server not available, running in fallback mode
Redis server not available, running in fallback mode
Redis server not available, running in fallback mode
Redis server not available, running in fallback mode
Redis server not available, running in fallback mode
Redis server not available, running in fallback mode
Redis server not available, running in fallback mode
Redis server not available, running in fallback mode
Redis server not available, running in fallback mode
Redis server not available, running in fallback mode
Redis server not available, running in fallback mode
Redis server not available, running in fallback mode
Redis server not available, running in fallback mode
Redis server not available, running in fallback mode
Redis server not available, running in fallback mode
Redis server not available, running in fallback mode
Redis server not available, running in fallback mode
Redis server not available, running in fallback mode
Redis server not available, running in fallback mode
Redis server not available, running in fallback mode
Redis server not available, running in fallback mode
Redis server not available, running in fallback mode
Redis server not available, running in fallback mode
Redis server not available, running in fallback mode
Redis server not available, running in fallback mode
Redis server not available, running in fallback mode
Redis server not available, running in fallback mode
Redis server not available, running in fallback mode
Redis server not available, running in fallback mode
Redis server not available, running in fallback mode
Redis server not available, running in fallback mode
Redis server not available, running in fallback mode
Redis server not available, running in fallback mode
Redis server not available, running in fallback mode
Redis server not available, running in fallback mode
Redis server not available, running in fallback mode
Redis server not available, running in fallback mode
Redis server not available, running in fallback mode
Redis server not available, running in fallback mode
Redis server not available, running in fallback mode
Redis server not available, running in fallback mode
Redis server not available, running in fallback mode
Redis server not available, running in fallback mode
Redis server not available, running in fallback mode
Redis server not available, running in fallback mode
Redis server not available, running in fallback mode
Redis server not available, running in fallback mode
Redis server not available, running in fallback mode
Redis server not available, running in fallback mode
Redis server not available, running in fallback mode
Redis server not available, running in fallback mode
Redis server not available, running in fallback mode
Redis server not available, running in fallback mode
Redis server not available, running in fallback mode
Redis server not available, running in fallback mode
Redis server not available, running in fallback mode
Redis server not available, running in fallback mode
Redis server not available, running in fallback mode
Redis server not available, running in fallback mode
MongoDB connection error: MongooseServerSelectionError: connect ECONNREFUSED 127.0.0.1:27017
    at _handleConnectionErrors (/Users/yubh/workspace/personalSite/node-express-mysql/node_modules/mongoose/lib/connection.js:1165:11)
    at NativeConnection.openUri (/Users/yubh/workspace/personalSite/node-express-mysql/node_modules/mongoose/lib/connection.js:1096:11)
    at async connectMongoDB (/Users/yubh/workspace/personalSite/node-express-mysql/config/database.js:8:5) {
  errorLabelSet: Set(0) {},
  reason: TopologyDescription {
    type: 'Unknown',
    servers: Map(1) { 'localhost:27017' => [ServerDescription] },
    stale: false,
    compatible: true,
    heartbeatFrequencyMS: 10000,
    localThresholdMS: 15,
    setName: null,
    maxElectionId: null,
    maxSetVersion: null,
    commonWireVersion: 0,
    logicalSessionTimeoutMinutes: null
  },
  code: undefined,
  cause: TopologyDescription {
    type: 'Unknown',
    servers: Map(1) { 'localhost:27017' => [ServerDescription] },
    stale: false,
    compatible: true,
    heartbeatFrequencyMS: 10000,
    localThresholdMS: 15,
    setName: null,
    maxElectionId: null,
    maxSetVersion: null,
    commonWireVersion: 0,
    logicalSessionTimeoutMinutes: null
  }
}
MongoDB not available, continuing without it
Redis server not available, running in fallback mode
Redis server not available, running in fallback mode
Redis server not available, running in fallback mode
Redis server not available, running in fallback mode
Redis server not available, running in fallback mode
Redis server not available, running in fallback mode
Redis server not available, running in fallback mode
Redis server not available, running in fallback mode
Redis server not available, running in fallback mode
Redis server not available, running in fallback mode
Redis server not available, running in fallback mode
Redis server not available, running in fallback mode
Redis server not available, running in fallback mode
Redis server not available, running in fallback mode
Redis server not available, running in fallback mode
Redis server not available, running in fallback mode
Redis server not available, running in fallback mode
Redis server not available, running in fallback mode
Redis server not available, running in fallback mode
Redis server not available, running in fallback mode
Redis server not available, running in fallback mode
Redis server not available, running in fallback mode
Redis server not available, running in fallback mode
Redis server not available, running in fallback mode
Redis server not available, running in fallback mode
Redis server not available, running in fallback mode
Redis server not available, running in fallback mode
Redis server not available, running in fallback mode
Redis server not available, running in fallback mode
Redis server not available, running in fallback mode
Redis server not available, running in fallback mode
Redis server not available, running in fallback mode
Redis server not available, running in fallback mode
Redis server not available, running in fallback mode
Redis server not available, running in fallback mode
Redis server not available, running in fallback mode
Redis server not available, running in fallback mode
Redis server not available, running in fallback mode
Redis server not available, running in fallback mode
Redis server not available, running in fallback mode
Redis server not available, running in fallback mode
Redis server not available, running in fallback mode
Redis server not available, running in fallback mode
Redis server not available, running in fallback mode
Redis server not available, running in fallback mode
Redis server not available, running in fallback mode
Redis server not available, running in fallback mode
Redis server not available, running in fallback mode
Redis server not available, running in fallback mode
Redis server not available, running in fallback mode
Redis server not available, running in fallback mode
Redis server not available, running in fallback mode
Redis server not available, running in fallback mode
Redis server not available, running in fallback mode
Redis server not available, running in fallback mode
Redis server not available, running in fallback mode
Redis server not available, running in fallback mode
Redis server not available, running in fallback mode
Redis server not available, running in fallback mode
Redis server not available, running in fallback mode
Redis server not available, running in fallback mode
Redis server not available, running in fallback mode
Redis server not available, running in fallback mode
Redis server not available, running in fallback mode
Redis server not available, running in fallback mode
Redis server not available, running in fallback mode
Redis server not available, running in fallback mode
Redis server not available, running in fallback mode
Redis server not available, running in fallback mode
Redis server not available, running in fallback mode
Redis server not available, running in fallback mode
Redis server not available, running in fallback mode
Redis server not available, running in fallback mode
Redis server not available, running in fallback mode
Redis server not available, running in fallback mode
Redis server not available, running in fallback mode
Redis server not available, running in fallback mode
Redis server not available, running in fallback mode
Redis server not available, running in fallback mode
Redis server not available, running in fallback mode
Redis server not available, running in fallback mode
Redis server not available, running in fallback mode
Redis server not available, running in fallback mode
Redis server not available, running in fallback mode
Redis server not available, running in fallback mode
Redis server not available, running in fallback mode
Redis server not available, running in fallback mode
Redis server not available, running in fallback mode
Redis server not available, running in fallback mode
Redis server not available, running in fallback mode
Redis server not available, running in fallback mode
Redis server not available, running in fallback mode
Redis server not available, running in fallback mode
Redis server not available, running in fallback mode
Redis server not available, running in fallback mode
Redis server not available, running in fallback mode
Redis server not available, running in fallback mode
Redis server not available, running in fallback mode
Redis server not available, running in fallback mode
Redis server not available, running in fallback mode
Redis server not available, running in fallback mode
Redis server not available, running in fallback mode
Redis server not available, running in fallback mode
Redis server not available, running in fallback mode
Redis server not available, running in fallback mode
Redis server not available, running in fallback mode
Redis server not available, running in fallback mode
Redis server not available, running in fallback mode
Redis server not available, running in fallback mode
Redis server not available, running in fallback mode
Redis server not available, running in fallback mode
Redis server not available, running in fallback mode
Redis server not available, running in fallback mode
Redis server not available, running in fallback mode
Redis server not available, running in fallback mode
Redis server not available, running in fallback mode
Redis server not available, running in fallback mode
Redis server not available, running in fallback mode
Redis server not available, running in fallback mode
Redis server not available, running in fallback mode
Redis server not available, running in fallback mode
Redis server not available, running in fallback mode
Redis server not available, running in fallback mode
Redis server not available, running in fallback mode
Redis server not available, running in fallback mode
Redis server not available, running in fallback mode
Redis server not available, running in fallback mode
Redis server not available, running in fallback mode
Redis server not available, running in fallback mode
Redis server not available, running in fallback mode
Redis server not available, running in fallback mode
Redis server not available, running in fallback mode
Redis server not available, running in fallback mode
Redis server not available, running in fallback mode
Redis server not available, running in fallback mode
Redis server not available, running in fallback mode
Redis server not available, running in fallback mode
Redis server not available, running in fallback mode
Redis server not available, running in fallback mode
Redis server not available, running in fallback mode
Redis server not available, running in fallback mode
Redis server not available, running in fallback mode
Redis server not available, running in fallback mode
Redis server not available, running in fallback mode
Redis server not available, running in fallback mode
Redis server not available, running in fallback mode
Redis server not available, running in fallback mode
Redis server not available, running in fallback mode
Redis server not available, running in fallback mode
Redis server not available, running in fallback mode
Redis server not available, running in fallback mode
Redis server not available, running in fallback mode
Redis server not available, running in fallback mode
Redis server not available, running in fallback mode
Redis server not available, running in fallback mode
Redis server not available, running in fallback mode
Redis server not available, running in fallback mode
Redis server not available, running in fallback mode
Redis server not available, running in fallback mode
Redis server not available, running in fallback mode
Redis server not available, running in fallback mode
Redis server not available, running in fallback mode
Redis server not available, running in fallback mode
Redis server not available, running in fallback mode
Redis server not available, running in fallback mode
Redis server not available, running in fallback mode
Redis server not available, running in fallback mode
Redis server not available, running in fallback mode
Redis server not available, running in fallback mode
Redis server not available, running in fallback mode
Redis server not available, running in fallback mode
Redis server not available, running in fallback mode
Redis server not available, running in fallback mode
Redis server not available, running in fallback mode
Redis server not available, running in fallback mode
Redis server not available, running in fallback mode
Redis server not available, running in fallback mode
Redis server not available, running in fallback mode
Redis server not available, running in fallback mode
Redis server not available, running in fallback mode
Redis server not available, running in fallback mode
Redis server not available, running in fallback mode
Redis server not available, running in fallback mode
Redis server not available, running in fallback mode
Redis server not available, running in fallback mode
Redis server not available, running in fallback mode
Redis server not available, running in fallback mode
Redis server not available, running in fallback mode
Redis server not available, running in fallback mode
Redis server not available, running in fallback mode
Redis server not available, running in fallback mode
Redis server not available, running in fallback mode
Redis server not available, running in fallback mode
Redis server not available, running in fallback mode
Redis server not available, running in fallback mode
Redis server not available, running in fallback mode
Redis server not available, running in fallback mode
Redis server not available, running in fallback mode
Redis server not available, running in fallback mode
Redis server not available, running in fallback mode
Redis server not available, running in fallback mode
Redis server not available, running in fallback mode
Redis server not available, running in fallback mode
Redis server not available, running in fallback mode
Redis server not available, running in fallback mode
Redis server not available, running in fallback mode
Redis server not available, running in fallback mode
Redis server not available, running in fallback mode
Redis server not available, running in fallback mode
Redis server not available, running in fallback mode
Redis server not available, running in fallback mode
Redis server not available, running in fallback mode
Redis server not available, running in fallback mode
Redis server not available, running in fallback mode
Redis server not available, running in fallback mode
Redis server not available, running in fallback mode
Redis server not available, running in fallback mode
Redis server not available, running in fallback mode
Redis server not available, running in fallback mode
Redis server not available, running in fallback mode
Redis server not available, running in fallback mode
Redis server not available, running in fallback mode
Redis server not available, running in fallback mode
Redis server not available, running in fallback mode
Redis server not available, running in fallback mode
Redis server not available, running in fallback mode
Redis server not available, running in fallback mode
Redis server not available, running in fallback mode
Redis server not available, running in fallback mode
Redis server not available, running in fallback mode
Redis server not available, running in fallback mode
Redis server not available, running in fallback mode
Redis server not available, running in fallback mode
Redis server not available, running in fallback mode
Redis server not available, running in fallback mode
Redis server not available, running in fallback mode
Redis server not available, running in fallback mode
Redis server not available, running in fallback mode
Redis server not available, running in fallback mode
Redis server not available, running in fallback mode
Redis server not available, running in fallback mode
Redis server not available, running in fallback mode
Redis server not available, running in fallback mode
Redis server not available, running in fallback mode
Redis server not available, running in fallback mode
Redis server not available, running in fallback mode
Redis server not available, running in fallback mode
Redis server not available, running in fallback mode
Redis server not available, running in fallback mode
Redis server not available, running in fallback mode
Redis server not available, running in fallback mode
Redis server not available, running in fallback mode
Redis server not available, running in fallback mode
Redis server not available, running in fallback mode
Redis server not available, running in fallback mode
Redis server not available, running in fallback mode
Redis server not available, running in fallback mode
Redis server not available, running in fallback mode
Redis server not available, running in fallback mode
Redis server not available, running in fallback mode
Redis server not available, running in fallback mode
Redis server not available, running in fallback mode
Redis server not available, running in fallback mode
Redis server not available, running in fallback mode
Redis server not available, running in fallback mode
Redis server not available, running in fallback mode
Redis server not available, running in fallback mode
Redis server not available, running in fallback mode
Redis server not available, running in fallback mode
Redis server not available, running in fallback mode
Redis server not available, running in fallback mode
Redis server not available, running in fallback mode
Redis server not available, running in fallback mode
Redis server not available, running in fallback mode
Redis server not available, running in fallback mode
Redis server not available, running in fallback mode
Redis server not available, running in fallback mode
Redis server not available, running in fallback mode
Redis server not available, running in fallback mode
Redis server not available, running in fallback mode
Redis server not available, running in fallback mode
Redis server not available, running in fallback mode
Redis server not available, running in fallback mode
Redis server not available, running in fallback mode
Redis server not available, running in fallback mode
Redis server not available, running in fallback mode
Redis server not available, running in fallback mode
Redis server not available, running in fallback mode
Redis server not available, running in fallback mode
Redis server not available, running in fallback mode
Redis server not available, running in fallback mode
Redis server not available, running in fallback mode
Redis server not available, running in fallback mode
Redis server not available, running in fallback mode
Redis server not available, running in fallback mode
Redis server not available, running in fallback mode
Redis server not available, running in fallback mode
Redis server not available, running in fallback mode
Redis server not available, running in fallback mode
Redis server not available, running in fallback mode
Redis server not available, running in fallback mode
Redis server not available, running in fallback mode
Redis server not available, running in fallback mode
Redis server not available, running in fallback mode
Redis server not available, running in fallback mode
Redis server not available, running in fallback mode
Redis server not available, running in fallback mode
Redis server not available, running in fallback mode
Redis server not available, running in fallback mode
Redis server not available, running in fallback mode
Redis server not available, running in fallback mode
Redis server not available, running in fallback mode
Redis server not available, running in fallback mode
Redis server not available, running in fallback mode
Redis server not available, running in fallback mode
Redis server not available, running in fallback mode
Redis server not available, running in fallback mode
Redis server not available, running in fallback mode
Redis server not available, running in fallback mode
Redis server not available, running in fallback mode
Redis server not available, running in fallback mode
Redis server not available, running in fallback mode
Redis server not available, running in fallback mode
Redis server not available, running in fallback mode
Redis server not available, running in fallback mode
Redis server not available, running in fallback mode
Redis server not available, running in fallback mode
Redis server not available, running in fallback mode
Redis server not available, running in fallback mode
Redis server not available, running in fallback mode
Redis server not available, running in fallback mode
Redis server not available, running in fallback mode
Redis server not available, running in fallback mode
Redis server not available, running in fallback mode
Redis server not available, running in fallback mode
Redis server not available, running in fallback mode
Redis server not available, running in fallback mode
Redis server not available, running in fallback mode
Redis server not available, running in fallback mode
Redis server not available, running in fallback mode
Redis server not available, running in fallback mode
Redis server not available, running in fallback mode
Redis server not available, running in fallback mode
Redis server not available, running in fallback mode
Redis server not available, running in fallback mode
Redis server not available, running in fallback mode
Redis server not available, running in fallback mode
Redis server not available, running in fallback mode
Redis server not available, running in fallback mode
Redis server not available, running in fallback mode
Redis server not available, running in fallback mode
Redis server not available, running in fallback mode
Redis server not available, running in fallback mode
Redis server not available, running in fallback mode
Redis server not available, running in fallback mode
Redis server not available, running in fallback mode
Redis server not available, running in fallback mode
Redis server not available, running in fallback mode
Redis server not available, running in fallback mode
Redis server not available, running in fallback mode
Redis server not available, running in fallback mode
Redis server not available, running in fallback mode
Redis server not available, running in fallback mode
Redis server not available, running in fallback mode
Redis server not available, running in fallback mode
Redis server not available, running in fallback mode
Redis server not available, running in fallback mode
Redis server not available, running in fallback mode
Redis server not available, running in fallback mode
Redis server not available, running in fallback mode
Redis server not available, running in fallback mode
Redis server not available, running in fallback mode
Redis server not available, running in fallback mode
Redis server not available, running in fallback mode
Redis server not available, running in fallback mode
Redis server not available, running in fallback mode
Redis server not available, running in fallback mode
Redis server not available, running in fallback mode
Redis server not available, running in fallback mode
Redis server not available, running in fallback mode
Redis server not available, running in fallback mode
Redis server not available, running in fallback mode
Redis server not available, running in fallback mode
Redis server not available, running in fallback mode
Redis server not available, running in fallback mode
Redis server not available, running in fallback mode
Redis server not available, running in fallback mode
Redis server not available, running in fallback mode
Redis server not available, running in fallback mode
Redis server not available, running in fallback mode
Redis server not available, running in fallback mode
Redis server not available, running in fallback mode
Redis server not available, running in fallback mode
Redis server not available, running in fallback mode
Redis server not available, running in fallback mode
Redis server not available, running in fallback mode
Redis server not available, running in fallback mode
Redis server not available, running in fallback mode
Redis server not available, running in fallback mode
Redis server not available, running in fallback mode
Redis server not available, running in fallback mode
Redis server not available, running in fallback mode
Redis server not available, running in fallback mode
Redis server not available, running in fallback mode
Redis server not available, running in fallback mode
Redis server not available, running in fallback mode
Redis server not available, running in fallback mode
Redis server not available, running in fallback mode
Redis server not available, running in fallback mode
Redis server not available, running in fallback mode
Redis server not available, running in fallback mode
Redis server not available, running in fallback mode
Redis server not available, running in fallback mode
Redis server not available, running in fallback mode
Redis server not available, running in fallback mode
Redis server not available, running in fallback mode
Redis server not available, running in fallback mode
Redis server not available, running in fallback mode
Redis server not available, running in fallback mode
Redis server not available, running in fallback mode
Redis server not available, running in fallback mode
Redis server not available, running in fallback mode
Redis server not available, running in fallback mode
Redis server not available, running in fallback mode
Redis server not available, running in fallback mode
Redis server not available, running in fallback mode
Redis server not available, running in fallback mode
Redis server not available, running in fallback mode
Redis server not available, running in fallback mode
Redis server not available, running in fallback mode
Redis server not available, running in fallback mode
Redis server not available, running in fallback mode
Redis server not available, running in fallback mode
Redis server not available, running in fallback mode
Redis server not available, running in fallback mode
Redis server not available, running in fallback mode
Redis server not available, running in fallback mode
Redis server not available, running in fallback mode
Redis server not available, running in fallback mode
Redis server not available, running in fallback mode
Redis server not available, running in fallback mode
Redis server not available, running in fallback mode
Redis server not available, running in fallback mode
Redis server not available, running in fallback mode
Redis server not available, running in fallback mode
Redis server not available, running in fallback mode
Redis server not available, running in fallback mode
Redis server not available, running in fallback mode
Redis server not available, running in fallback mode
Redis server not available, running in fallback mode
Redis server not available, running in fallback mode
Redis server not available, running in fallback mode
Redis server not available, running in fallback mode
Redis server not available, running in fallback mode
Redis server not available, running in fallback mode
Redis server not available, running in fallback mode
Redis server not available, running in fallback mode
Redis server not available, running in fallback mode
Redis server not available, running in fallback mode
Redis server not available, running in fallback mode
Redis server not available, running in fallback mode
Redis server not available, running in fallback mode
Redis server not available, running in fallback mode
Redis server not available, running in fallback mode
Redis server not available, running in fallback mode
Redis server not available, running in fallback mode
Redis server not available, running in fallback mode
Redis server not available, running in fallback mode
Redis server not available, running in fallback mode
Redis server not available, running in fallback mode
Redis server not available, running in fallback mode
Redis server not available, running in fallback mode
Redis server not available, running in fallback mode
Redis server not available, running in fallback mode
Redis server not available, running in fallback mode
Redis server not available, running in fallback mode
Redis server not available, running in fallback mode
Redis server not available, running in fallback mode
Redis server not available, running in fallback mode
Redis server not available, running in fallback mode
Redis server not available, running in fallback mode
Redis server not available, running in fallback mode
Redis server not available, running in fallback mode
Redis server not available, running in fallback mode
Redis server not available, running in fallback mode
Redis server not available, running in fallback mode
Redis server not available, running in fallback mode
Redis server not available, running in fallback mode
Redis server not available, running in fallback mode
Redis server not available, running in fallback mode
Redis server not available, running in fallback mode
Redis server not available, running in fallback mode
Redis server not available, running in fallback mode
Redis server not available, running in fallback mode
Redis server not available, running in fallback mode
Redis server not available, running in fallback mode
Redis server not available, running in fallback mode
Redis server not available, running in fallback mode
Redis server not available, running in fallback mode
Redis server not available, running in fallback mode
Redis server not available, running in fallback mode
Redis server not available, running in fallback mode
Redis server not available, running in fallback mode
Redis server not available, running in fallback mode
Redis server not available, running in fallback mode
Redis server not available, running in fallback mode
Redis server not available, running in fallback mode
Redis server not available, running in fallback mode
Redis server not available, running in fallback mode
Redis server not available, running in fallback mode
Redis server not available, running in fallback mode
Redis server not available, running in fallback mode
Redis server not available, running in fallback mode
Redis server not available, running in fallback mode
Redis server not available, running in fallback mode
Redis server not available, running in fallback mode
Redis server not available, running in fallback mode
Redis server not available, running in fallback mode
Redis server not available, running in fallback mode
Redis server not available, running in fallback mode
Redis server not available, running in fallback mode
Redis server not available, running in fallback mode
Redis server not available, running in fallback mode
Redis server not available, running in fallback mode
Redis server not available, running in fallback mode
Redis server not available, running in fallback mode
Redis server not available, running in fallback mode
Redis server not available, running in fallback mode
Redis server not available, running in fallback mode
Redis server not available, running in fallback mode
Redis server not available, running in fallback mode
Redis server not available, running in fallback mode
Redis server not available, running in fallback mode
Redis server not available, running in fallback mode
Redis server not available, running in fallback mode
Redis server not available, running in fallback mode
Redis server not available, running in fallback mode
Redis server not available, running in fallback mode
Redis server not available, running in fallback mode
Redis server not available, running in fallback mode
Redis server not available, running in fallback mode
Redis server not available, running in fallback mode
Redis server not available, running in fallback mode
Redis server not available, running in fallback mode
Redis server not available, running in fallback mode
Redis server not available, running in fallback mode
Redis server not available, running in fallback mode
Redis server not available, running in fallback mode
Redis server not available, running in fallback mode
Redis server not available, running in fallback mode
Redis server not available, running in fallback mode
Redis server not available, running in fallback mode
Redis server not available, running in fallback mode
Redis server not available, running in fallback mode
Redis server not available, running in fallback mode
Redis server not available, running in fallback mode
Redis server not available, running in fallback mode
Redis server not available, running in fallback mode
Redis server not available, running in fallback mode
Redis server not available, running in fallback mode
Redis server not available, running in fallback mode
Redis server not available, running in fallback mode
Redis server not available, running in fallback mode
Redis server not available, running in fallback mode
Redis server not available, running in fallback mode
Redis server not available, running in fallback mode
Redis server not available, running in fallback mode
Redis server not available, running in fallback mode
Redis server not available, running in fallback mode
Redis server not available, running in fallback mode
Redis server not available, running in fallback mode
Redis server not available, running in fallback mode
Redis server not available, running in fallback mode
Redis server not available, running in fallback mode
Redis server not available, running in fallback mode
Redis server not available, running in fallback mode
Redis server not available, running in fallback mode
Redis server not available, running in fallback mode
Redis server not available, running in fallback mode
Redis server not available, running in fallback mode
Redis server not available, running in fallback mode
Redis server not available, running in fallback mode
Redis server not available, running in fallback mode
Redis server not available, running in fallback mode
Redis server not available, running in fallback mode
Redis server not available, running in fallback mode
Redis server not available, running in fallback mode
Redis server not available, running in fallback mode
Redis server not available, running in fallback mode
Redis server not available, running in fallback mode
Redis server not available, running in fallback mode
Redis server not available, running in fallback mode
Redis server not available, running in fallback mode
Redis server not available, running in fallback mode
Redis server not available, running in fallback mode
Redis server not available, running in fallback mode
Redis server not available, running in fallback mode
Redis server not available, running in fallback mode
Redis server not available, running in fallback mode
Redis server not available, running in fallback mode
Redis server not available, running in fallback mode
Redis server not available, running in fallback mode
Redis server not available, running in fallback mode
Redis server not available, running in fallback mode
Redis server not available, running in fallback mode
Redis server not available, running in fallback mode
Redis server not available, running in fallback mode
Redis server not available, running in fallback mode
Redis server not available, running in fallback mode
Redis server not available, running in fallback mode
Redis server not available, running in fallback mode
Redis server not available, running in fallback mode
Redis server not available, running in fallback mode
Redis server not available, running in fallback mode
Redis server not available, running in fallback mode
Redis server not available, running in fallback mode
Redis server not available, running in fallback mode
Redis server not available, running in fallback mode
Redis server not available, running in fallback mode
Redis server not available, running in fallback mode
