{"level":"info","message":"::1 - - [27/Aug/2025:02:19:27 +0000] \"GET / HTTP/1.1\" 200 -\n"}
{"level":"info","message":"::1 - - [27/Aug/2025:02:19:27 +0000] \"GET /css/index.css HTTP/1.1\" 200 -\n"}
{"level":"info","message":"::1 - - [27/Aug/2025:02:19:27 +0000] \"GET /js/index-86f4a58eed32aae845cd.js HTTP/1.1\" 200 -\n"}
{"level":"info","message":"::1 - - [27/Aug/2025:02:19:27 +0000] \"GET /dll/vendor_3901f645ec1859ea59af.js HTTP/1.1\" 200 -\n"}
{"level":"info","message":"::1 - - [27/Aug/2025:02:19:29 +0000] \"GET /images/my_pic_2.jpg HTTP/1.1\" 200 67833\n"}
{"level":"info","message":"::1 - - [27/Aug/2025:02:19:29 +0000] \"GET /images/my_pic_1.jpg HTTP/1.1\" 200 393340\n"}
{"level":"info","message":"::1 - - [27/Aug/2025:02:19:29 +0000] \"GET /images/my_pic_3.png HTTP/1.1\" 200 867106\n"}
{"level":"info","message":"::1 - - [27/Aug/2025:02:19:29 +0000] \"GET /favicon.ico HTTP/1.1\" 404 150\n"}
{"level":"info","message":"::1 - - [27/Aug/2025:02:19:30 +0000] \"GET /test/users/ HTTP/1.1\" 200 2\n"}
{"level":"info","message":"::1 - - [27/Aug/2025:02:19:33 +0000] \"GET /css/index.css HTTP/1.1\" 304 -\n"}
{"level":"info","message":"::1 - - [27/Aug/2025:02:19:33 +0000] \"GET /.well-known/appspecific/com.chrome.devtools.json HTTP/1.1\" 404 187\n"}
{"level":"info","message":"::1 - - [27/Aug/2025:02:19:34 +0000] \"GET /css/index.css.map HTTP/1.1\" 200 90\n"}
{"level":"info","message":"::1 - - [27/Aug/2025:02:20:01 +0000] \"GET /images/my_pic_3.png HTTP/1.1\" 304 -\n"}
{"level":"info","message":"::1 - - [27/Aug/2025:02:20:01 +0000] \"GET /images/my_pic_1.jpg HTTP/1.1\" 304 -\n"}
{"level":"info","message":"::1 - - [27/Aug/2025:02:20:01 +0000] \"GET /images/my_pic_2.jpg HTTP/1.1\" 304 -\n"}
{"level":"info","message":"::1 - - [27/Aug/2025:02:20:02 +0000] \"GET /test/users/ HTTP/1.1\" 304 -\n"}
{"level":"info","message":"::1 - - [27/Aug/2025:02:20:05 +0000] \"GET /test/users/ HTTP/1.1\" 304 -\n"}
{"level":"info","message":"::1 - - [27/Aug/2025:02:20:06 +0000] \"GET /js/football.86f4a58eed32aae845cd.js HTTP/1.1\" 200 -\n"}
{"level":"info","message":"::1 - - [27/Aug/2025:02:20:06 +0000] \"GET /cyhospital/weihospital/yanda/weiWangZhanIndex/?is_json=1 HTTP/1.1\" 404 185\n"}
{"level":"info","message":"::1 - - [27/Aug/2025:02:20:06 +0000] \"GET /images/icon_01.jpg HTTP/1.1\" 200 236016\n"}
{"level":"info","message":"::1 - - [27/Aug/2025:02:20:14 +0000] \"GET /images/my_pic_1.jpg HTTP/1.1\" 304 -\n"}
{"level":"info","message":"::1 - - [27/Aug/2025:02:20:14 +0000] \"GET /images/my_pic_2.jpg HTTP/1.1\" 304 -\n"}
{"level":"info","message":"::1 - - [27/Aug/2025:02:20:14 +0000] \"GET /images/my_pic_3.png HTTP/1.1\" 304 -\n"}
{"level":"info","message":"::1 - - [27/Aug/2025:02:20:15 +0000] \"GET /test/users/ HTTP/1.1\" 304 -\n"}
{"level":"info","message":"::1 - - [27/Aug/2025:02:20:17 +0000] \"GET /js/nopage.86f4a58eed32aae845cd.js HTTP/1.1\" 200 -\n"}
{"level":"info","message":"::1 - - [27/Aug/2025:02:20:33 +0000] \"GET /test/users/ HTTP/1.1\" 304 -\n"}
{"level":"info","message":"::1 - - [27/Aug/2025:02:20:34 +0000] \"GET /test/users/ HTTP/1.1\" 304 -\n"}
{"level":"info","message":"::1 - - [27/Aug/2025:02:20:37 +0000] \"GET /test/users/ HTTP/1.1\" 304 -\n"}
{"level":"info","message":"::1 - - [27/Aug/2025:02:20:39 +0000] \"GET /cyhospital/weihospital/yanda/weiWangZhanIndex/?is_json=1 HTTP/1.1\" 404 185\n"}
{"level":"info","message":"::1 - - [27/Aug/2025:02:20:41 +0000] \"GET /test/users/ HTTP/1.1\" 304 -\n"}
{"level":"info","message":"::1 - - [27/Aug/2025:02:20:44 +0000] \"GET /test/users/ HTTP/1.1\" 304 -\n"}
{"level":"info","message":"::1 - - [27/Aug/2025:02:29:16 +0000] \"GET /home HTTP/1.1\" 200 -\n"}
{"level":"info","message":"::1 - - [27/Aug/2025:02:29:16 +0000] \"GET /dll/vendor_3901f645ec1859ea59af.js HTTP/1.1\" 304 -\n"}
{"level":"info","message":"::1 - - [27/Aug/2025:02:29:16 +0000] \"GET /js/index-86f4a58eed32aae845cd.js HTTP/1.1\" 304 -\n"}
{"level":"info","message":"::1 - - [27/Aug/2025:02:29:16 +0000] \"GET /.well-known/appspecific/com.chrome.devtools.json HTTP/1.1\" 404 187\n"}
{"level":"info","message":"::1 - - [27/Aug/2025:02:29:16 +0000] \"GET /css/index.css HTTP/1.1\" 304 -\n"}
{"level":"info","message":"::1 - - [27/Aug/2025:02:29:17 +0000] \"GET /css/index.css.map HTTP/1.1\" 304 -\n"}
{"level":"info","message":"::1 - - [27/Aug/2025:02:29:27 +0000] \"GET /login HTTP/1.1\" 200 -\n"}
{"level":"info","message":"::1 - - [27/Aug/2025:02:29:27 +0000] \"GET /dll/vendor_3901f645ec1859ea59af.js HTTP/1.1\" 304 -\n"}
{"level":"info","message":"::1 - - [27/Aug/2025:02:29:27 +0000] \"GET /js/index-86f4a58eed32aae845cd.js HTTP/1.1\" 304 -\n"}
{"level":"info","message":"::1 - - [27/Aug/2025:02:29:27 +0000] \"GET /.well-known/appspecific/com.chrome.devtools.json HTTP/1.1\" 404 187\n"}
{"level":"info","message":"::1 - - [27/Aug/2025:02:29:27 +0000] \"GET /css/index.css HTTP/1.1\" 304 -\n"}
{"level":"info","message":"::1 - - [27/Aug/2025:02:29:27 +0000] \"GET /css/index.css.map HTTP/1.1\" 304 -\n"}
{"level":"info","message":"::1 - - [27/Aug/2025:02:29:37 +0000] \"POST /test/users/ HTTP/1.1\" 412 114\n"}
{"level":"info","message":"::1 - - [27/Aug/2025:02:30:07 +0000] \"POST /test/users/ HTTP/1.1\" 412 55\n"}
{"level":"info","message":"::1 - - [27/Aug/2025:02:30:30 +0000] \"POST /test/users/ HTTP/1.1\" 412 55\n"}
{"level":"info","message":"::1 - - [27/Aug/2025:02:31:04 +0000] \"GET /reqister HTTP/1.1\" 200 -\n"}
{"level":"info","message":"::1 - - [27/Aug/2025:02:31:04 +0000] \"GET /.well-known/appspecific/com.chrome.devtools.json HTTP/1.1\" 404 187\n"}
{"level":"info","message":"::1 - - [27/Aug/2025:02:31:04 +0000] \"GET /css/index.css HTTP/1.1\" 304 -\n"}
{"level":"info","message":"::1 - - [27/Aug/2025:02:31:04 +0000] \"GET /dll/vendor_3901f645ec1859ea59af.js HTTP/1.1\" 304 -\n"}
{"level":"info","message":"::1 - - [27/Aug/2025:02:31:04 +0000] \"GET /js/index-86f4a58eed32aae845cd.js HTTP/1.1\" 304 -\n"}
{"level":"info","message":"::1 - - [27/Aug/2025:02:31:05 +0000] \"GET /css/index.css.map HTTP/1.1\" 304 -\n"}
{"level":"info","message":"::1 - - [27/Aug/2025:02:31:11 +0000] \"GET /register HTTP/1.1\" 200 -\n"}
{"level":"info","message":"::1 - - [27/Aug/2025:02:31:11 +0000] \"GET /.well-known/appspecific/com.chrome.devtools.json HTTP/1.1\" 404 187\n"}
{"level":"info","message":"::1 - - [27/Aug/2025:02:31:11 +0000] \"GET /css/index.css HTTP/1.1\" 304 -\n"}
{"level":"info","message":"::1 - - [27/Aug/2025:02:31:11 +0000] \"GET /dll/vendor_3901f645ec1859ea59af.js HTTP/1.1\" 304 -\n"}
{"level":"info","message":"::1 - - [27/Aug/2025:02:31:11 +0000] \"GET /js/index-86f4a58eed32aae845cd.js HTTP/1.1\" 304 -\n"}
{"level":"info","message":"::1 - - [27/Aug/2025:02:31:12 +0000] \"GET /css/index.css.map HTTP/1.1\" 304 -\n"}
{"level":"info","message":"::1 - - [27/Aug/2025:02:31:12 +0000] \"GET /js/register.86f4a58eed32aae845cd.js HTTP/1.1\" 200 -\n"}
{"level":"info","message":"::1 - - [27/Aug/2025:02:31:45 +0000] \"POST /test/users/ HTTP/1.1\" 200 22\n"}
{"level":"info","message":"::1 - - [27/Aug/2025:02:31:45 +0000] \"GET /images/my_pic_1.jpg HTTP/1.1\" 304 -\n"}
{"level":"info","message":"::1 - - [27/Aug/2025:02:31:45 +0000] \"GET /images/my_pic_2.jpg HTTP/1.1\" 304 -\n"}
{"level":"info","message":"::1 - - [27/Aug/2025:02:31:45 +0000] \"GET /images/my_pic_3.png HTTP/1.1\" 304 -\n"}
{"level":"info","message":"::1 - - [27/Aug/2025:02:31:45 +0000] \"GET /test/users/ HTTP/1.1\" 200 203\n"}
{"level":"info","message":"::1 - - [27/Aug/2025:02:31:59 +0000] \"GET /login HTTP/1.1\" 304 -\n"}
{"level":"info","message":"::1 - - [27/Aug/2025:02:31:59 +0000] \"GET /.well-known/appspecific/com.chrome.devtools.json HTTP/1.1\" 404 187\n"}
{"level":"info","message":"::1 - - [27/Aug/2025:02:31:59 +0000] \"GET /css/index.css HTTP/1.1\" 304 -\n"}
{"level":"info","message":"::1 - - [27/Aug/2025:02:31:59 +0000] \"GET /dll/vendor_3901f645ec1859ea59af.js HTTP/1.1\" 304 -\n"}
{"level":"info","message":"::1 - - [27/Aug/2025:02:31:59 +0000] \"GET /js/index-86f4a58eed32aae845cd.js HTTP/1.1\" 304 -\n"}
{"level":"info","message":"::1 - - [27/Aug/2025:02:32:00 +0000] \"GET /css/index.css.map HTTP/1.1\" 304 -\n"}
{"level":"info","message":"::1 - - [27/Aug/2025:02:32:12 +0000] \"POST /test/users/ HTTP/1.1\" 412 55\n"}
{"level":"info","message":"::1 - - [27/Aug/2025:02:32:17 +0000] \"POST /test/users/ HTTP/1.1\" 412 55\n"}
{"level":"info","message":"::1 - - [27/Aug/2025:02:32:33 +0000] \"POST /test/users/ HTTP/1.1\" 412 55\n"}
{"level":"info","message":"::1 - - [27/Aug/2025:02:35:59 +0000] \"POST /test/users/ HTTP/1.1\" 412 55\n"}
{"level":"info","message":"::1 - - [27/Aug/2025:02:40:12 +0000] \"GET /reister HTTP/1.1\" 200 -\n"}
{"level":"info","message":"::1 - - [27/Aug/2025:02:40:12 +0000] \"GET /.well-known/appspecific/com.chrome.devtools.json HTTP/1.1\" 404 187\n"}
{"level":"info","message":"::1 - - [27/Aug/2025:02:40:12 +0000] \"GET /css/index.css HTTP/1.1\" 304 -\n"}
{"level":"info","message":"::1 - - [27/Aug/2025:02:40:12 +0000] \"GET /dll/vendor_3901f645ec1859ea59af.js HTTP/1.1\" 304 -\n"}
{"level":"info","message":"::1 - - [27/Aug/2025:02:40:12 +0000] \"GET /js/index-86f4a58eed32aae845cd.js HTTP/1.1\" 304 -\n"}
{"level":"info","message":"::1 - - [27/Aug/2025:02:40:13 +0000] \"GET /css/index.css.map HTTP/1.1\" 304 -\n"}
{"level":"info","message":"::1 - - [27/Aug/2025:02:40:18 +0000] \"GET /register HTTP/1.1\" 304 -\n"}
{"level":"info","message":"::1 - - [27/Aug/2025:02:40:18 +0000] \"GET /.well-known/appspecific/com.chrome.devtools.json HTTP/1.1\" 404 187\n"}
{"level":"info","message":"::1 - - [27/Aug/2025:02:40:18 +0000] \"GET /css/index.css HTTP/1.1\" 304 -\n"}
{"level":"info","message":"::1 - - [27/Aug/2025:02:40:18 +0000] \"GET /dll/vendor_3901f645ec1859ea59af.js HTTP/1.1\" 304 -\n"}
{"level":"info","message":"::1 - - [27/Aug/2025:02:40:18 +0000] \"GET /js/index-86f4a58eed32aae845cd.js HTTP/1.1\" 304 -\n"}
{"level":"info","message":"::1 - - [27/Aug/2025:02:40:18 +0000] \"GET /css/index.css.map HTTP/1.1\" 304 -\n"}
{"level":"info","message":"::1 - - [27/Aug/2025:02:40:19 +0000] \"GET /js/register.86f4a58eed32aae845cd.js HTTP/1.1\" 304 -\n"}
{"level":"info","message":"::1 - - [27/Aug/2025:02:40:26 +0000] \"POST /test/users/ HTTP/1.1\" 200 22\n"}
{"level":"info","message":"::1 - - [27/Aug/2025:02:40:26 +0000] \"GET /images/my_pic_2.jpg HTTP/1.1\" 304 -\n"}
{"level":"info","message":"::1 - - [27/Aug/2025:02:40:26 +0000] \"GET /images/my_pic_1.jpg HTTP/1.1\" 304 -\n"}
{"level":"info","message":"::1 - - [27/Aug/2025:02:40:26 +0000] \"GET /images/my_pic_3.png HTTP/1.1\" 304 -\n"}
{"level":"info","message":"::1 - - [27/Aug/2025:02:40:27 +0000] \"GET /test/users/ HTTP/1.1\" 200 392\n"}
{"level":"info","message":"::1 - - [27/Aug/2025:07:07:58 +0000] \"OPTIONS /api/portfolio/skills HTTP/1.1\" 204 0\n"}
{"level":"info","message":"::1 - - [27/Aug/2025:07:07:58 +0000] \"OPTIONS /api/portfolio/skills HTTP/1.1\" 204 0\n"}
{"level":"info","message":"::1 - - [27/Aug/2025:10:06:29 +0000] \"OPTIONS /api/portfolio/skills HTTP/1.1\" 204 0\n"}
{"level":"info","message":"::1 - - [27/Aug/2025:10:06:29 +0000] \"OPTIONS /api/portfolio/skills HTTP/1.1\" 204 0\n"}
{"level":"info","message":"::1 - - [27/Aug/2025:10:14:39 +0000] \"OPTIONS /api/portfolio/skills HTTP/1.1\" 204 0\n"}
{"level":"info","message":"::1 - - [27/Aug/2025:10:14:39 +0000] \"OPTIONS /api/portfolio/skills HTTP/1.1\" 204 0\n"}
{"level":"info","message":"::1 - - [27/Aug/2025:11:00:12 +0000] \"OPTIONS /api/portfolio/skills HTTP/1.1\" 204 0\n"}
{"level":"info","message":"::1 - - [27/Aug/2025:11:00:12 +0000] \"OPTIONS /api/portfolio/skills HTTP/1.1\" 204 0\n"}
{"level":"info","message":"::1 - - [27/Aug/2025:11:02:00 +0000] \"OPTIONS /api/portfolio/skills HTTP/1.1\" 204 0\n"}
{"level":"info","message":"::1 - - [27/Aug/2025:11:02:00 +0000] \"OPTIONS /api/portfolio/skills HTTP/1.1\" 204 0\n"}
{"level":"info","message":"::1 - - [27/Aug/2025:11:02:00 +0000] \"GET /api/portfolio/skills HTTP/1.1\" 200 -\n"}
{"level":"info","message":"::1 - - [27/Aug/2025:11:02:00 +0000] \"GET /api/portfolio/skills HTTP/1.1\" 304 -\n"}
{"level":"info","message":"::1 - - [27/Aug/2025:11:02:00 +0000] \"GET /api/portfolio/skills HTTP/1.1\" 200 -\n"}
{"level":"info","message":"::1 - - [27/Aug/2025:11:02:13 +0000] \"OPTIONS /api/portfolio/skills HTTP/1.1\" 204 0\n"}
{"level":"info","message":"::1 - - [27/Aug/2025:11:02:13 +0000] \"OPTIONS /api/portfolio/skills HTTP/1.1\" 204 0\n"}
{"level":"info","message":"::1 - - [27/Aug/2025:11:02:14 +0000] \"GET /api/portfolio/skills HTTP/1.1\" 200 -\n"}
{"level":"info","message":"::1 - - [27/Aug/2025:11:02:14 +0000] \"GET /api/portfolio/skills HTTP/1.1\" 304 -\n"}
{"level":"info","message":"::1 - - [27/Aug/2025:11:02:14 +0000] \"GET /api/portfolio/skills HTTP/1.1\" 200 -\n"}
{"level":"info","message":"::1 - - [27/Aug/2025:11:03:32 +0000] \"OPTIONS /api/portfolio/skills HTTP/1.1\" 204 0\n"}
{"level":"info","message":"::1 - - [27/Aug/2025:11:03:32 +0000] \"OPTIONS /api/portfolio/skills HTTP/1.1\" 204 0\n"}
{"level":"info","message":"::1 - - [27/Aug/2025:11:03:32 +0000] \"GET /api/portfolio/skills HTTP/1.1\" 200 -\n"}
{"level":"info","message":"::1 - - [27/Aug/2025:11:03:33 +0000] \"GET /api/portfolio/skills HTTP/1.1\" 304 -\n"}
{"level":"info","message":"::1 - - [27/Aug/2025:11:03:33 +0000] \"GET /api/portfolio/skills HTTP/1.1\" 200 -\n"}
{"level":"info","message":"::1 - - [27/Aug/2025:11:04:47 +0000] \"OPTIONS /api/portfolio/skills HTTP/1.1\" 204 0\n"}
{"level":"info","message":"::1 - - [27/Aug/2025:11:04:47 +0000] \"OPTIONS /api/portfolio/skills HTTP/1.1\" 204 0\n"}
{"level":"info","message":"::1 - - [27/Aug/2025:11:04:47 +0000] \"GET /api/portfolio/skills HTTP/1.1\" 200 -\n"}
{"level":"info","message":"::1 - - [27/Aug/2025:11:04:47 +0000] \"GET /api/portfolio/skills HTTP/1.1\" 304 -\n"}
{"level":"info","message":"::1 - - [27/Aug/2025:11:04:47 +0000] \"GET /api/portfolio/skills HTTP/1.1\" 200 -\n"}
{"level":"info","message":"::1 - - [27/Aug/2025:11:08:46 +0000] \"GET /api/portfolio/skills HTTP/1.1\" 200 -\n"}
{"level":"info","message":"::1 - - [27/Aug/2025:11:08:46 +0000] \"GET /api/portfolio/skills HTTP/1.1\" 304 -\n"}
{"level":"info","message":"::1 - - [27/Aug/2025:11:09:21 +0000] \"GET /api/portfolio/skills HTTP/1.1\" 304 -\n"}
{"level":"info","message":"::1 - - [27/Aug/2025:11:09:21 +0000] \"GET /api/portfolio/skills HTTP/1.1\" 304 -\n"}
{"level":"info","message":"::1 - - [27/Aug/2025:11:09:42 +0000] \"POST /api/particles/random HTTP/1.1\" 404 160\n"}
{"level":"info","message":"::1 - - [27/Aug/2025:11:09:47 +0000] \"POST /api/particles/random HTTP/1.1\" 404 160\n"}
{"level":"info","message":"::1 - - [27/Aug/2025:11:09:52 +0000] \"POST /api/particles/random HTTP/1.1\" 404 160\n"}
{"level":"info","message":"::1 - - [27/Aug/2025:11:09:57 +0000] \"POST /api/particles/random HTTP/1.1\" 404 160\n"}
{"level":"info","message":"::1 - - [27/Aug/2025:11:10:02 +0000] \"POST /api/particles/random HTTP/1.1\" 404 160\n"}
{"level":"info","message":"::ffff:127.0.0.1 - - [27/Aug/2025:11:10:06 +0000] \"GET /api/projects/map/islands HTTP/1.1\" 200 -\n"}
{"level":"info","message":"::1 - - [27/Aug/2025:11:10:23 +0000] \"GET /api/portfolio/skills HTTP/1.1\" 304 -\n"}
{"level":"info","message":"::1 - - [27/Aug/2025:11:10:23 +0000] \"GET /api/portfolio/skills HTTP/1.1\" 304 -\n"}
{"level":"info","message":"::1 - - [27/Aug/2025:12:28:15 +0000] \"POST /api/particles/random HTTP/1.1\" 404 160\n"}
{"level":"info","message":"::1 - - [27/Aug/2025:12:28:20 +0000] \"POST /api/particles/random HTTP/1.1\" 404 160\n"}
{"level":"info","message":"::1 - - [27/Aug/2025:12:28:25 +0000] \"POST /api/particles/random HTTP/1.1\" 404 160\n"}
{"level":"info","message":"::1 - - [27/Aug/2025:12:28:30 +0000] \"POST /api/particles/random HTTP/1.1\" 404 160\n"}
{"level":"info","message":"::1 - - [27/Aug/2025:12:31:47 +0000] \"POST /api/particles/random HTTP/1.1\" 404 160\n"}
{"level":"info","message":"::1 - - [27/Aug/2025:12:31:52 +0000] \"POST /api/particles/random HTTP/1.1\" 404 160\n"}
{"level":"info","message":"::1 - - [27/Aug/2025:12:31:57 +0000] \"POST /api/particles/random HTTP/1.1\" 404 160\n"}
{"level":"info","message":"::1 - - [27/Aug/2025:12:32:02 +0000] \"POST /api/particles/random HTTP/1.1\" 404 160\n"}
{"level":"info","message":"::1 - - [27/Aug/2025:12:32:07 +0000] \"POST /api/particles/random HTTP/1.1\" 404 160\n"}
{"level":"info","message":"::1 - - [27/Aug/2025:12:32:12 +0000] \"POST /api/particles/random HTTP/1.1\" 404 160\n"}
{"level":"info","message":"::1 - - [27/Aug/2025:12:32:17 +0000] \"POST /api/particles/random HTTP/1.1\" 404 160\n"}
{"level":"info","message":"::1 - - [27/Aug/2025:12:32:22 +0000] \"POST /api/particles/random HTTP/1.1\" 404 160\n"}
{"level":"info","message":"::1 - - [27/Aug/2025:12:32:27 +0000] \"POST /api/particles/random HTTP/1.1\" 404 160\n"}
{"level":"info","message":"::1 - - [27/Aug/2025:12:32:32 +0000] \"GET /api/portfolio/skills HTTP/1.1\" 304 -\n"}
{"level":"info","message":"::1 - - [27/Aug/2025:12:32:32 +0000] \"GET /api/portfolio/skills HTTP/1.1\" 304 -\n"}
{"level":"info","message":"::1 - - [27/Aug/2025:12:34:28 +0000] \"GET /api/portfolio/skills HTTP/1.1\" 304 -\n"}
{"level":"info","message":"::1 - - [27/Aug/2025:12:34:28 +0000] \"GET /api/portfolio/skills HTTP/1.1\" 304 -\n"}
{"level":"info","message":"::1 - - [27/Aug/2025:12:34:44 +0000] \"POST /api/particles/random HTTP/1.1\" 404 160\n"}
{"level":"info","message":"::1 - - [27/Aug/2025:12:34:49 +0000] \"POST /api/particles/random HTTP/1.1\" 404 160\n"}
{"level":"info","message":"::1 - - [27/Aug/2025:12:34:54 +0000] \"POST /api/particles/random HTTP/1.1\" 404 160\n"}
{"level":"info","message":"::1 - - [27/Aug/2025:12:34:59 +0000] \"POST /api/particles/random HTTP/1.1\" 404 160\n"}
{"level":"info","message":"::1 - - [27/Aug/2025:12:35:04 +0000] \"POST /api/particles/random HTTP/1.1\" 404 160\n"}
{"level":"info","message":"::1 - - [27/Aug/2025:12:35:09 +0000] \"POST /api/particles/random HTTP/1.1\" 404 160\n"}
{"level":"info","message":"::ffff:127.0.0.1 - - [27/Aug/2025:14:36:03 +0000] \"GET /api/blog/timeline HTTP/1.1\" 200 1309\n"}
{"level":"info","message":"::ffff:127.0.0.1 - - [27/Aug/2025:14:47:18 +0000] \"GET /api/blog/tags HTTP/1.1\" 200 627\n"}
{"level":"info","message":"::ffff:127.0.0.1 - - [27/Aug/2025:14:47:31 +0000] \"GET /api/blog/timeline HTTP/1.1\" 200 1869\n"}
{"level":"info","message":"::1 - - [27/Aug/2025:14:50:06 +0000] \"GET /api/blog/tags HTTP/1.1\" 200 627\n"}
{"level":"info","message":"::1 - - [27/Aug/2025:14:50:06 +0000] \"GET /api/blog/timeline HTTP/1.1\" 200 -\n"}
{"level":"info","message":"::1 - - [27/Aug/2025:14:50:07 +0000] \"GET /api/blog/tags HTTP/1.1\" 304 -\n"}
{"level":"info","message":"::1 - - [27/Aug/2025:14:50:07 +0000] \"GET /api/blog/timeline HTTP/1.1\" 304 -\n"}
{"level":"info","message":"::1 - - [27/Aug/2025:14:50:46 +0000] \"GET /api/blog/posts/building-responsive-animations-framer-motion HTTP/1.1\" 200 -\n"}
{"level":"info","message":"::1 - - [27/Aug/2025:14:50:46 +0000] \"GET /api/blog/posts/building-responsive-animations-framer-motion HTTP/1.1\" 200 -\n"}
{"level":"info","message":"::1 - - [27/Aug/2025:14:52:17 +0000] \"GET /api/blog/timeline HTTP/1.1\" 304 -\n"}
{"level":"info","message":"::1 - - [27/Aug/2025:14:52:17 +0000] \"GET /api/blog/tags HTTP/1.1\" 304 -\n"}
{"level":"info","message":"::1 - - [27/Aug/2025:14:52:18 +0000] \"GET /api/blog/timeline HTTP/1.1\" 304 -\n"}
{"level":"info","message":"::1 - - [27/Aug/2025:14:52:18 +0000] \"GET /api/blog/tags HTTP/1.1\" 304 -\n"}
{"level":"info","message":"::1 - - [27/Aug/2025:14:52:45 +0000] \"GET /api/blog/posts/advanced-state-management-zustand HTTP/1.1\" 200 -\n"}
{"level":"info","message":"::1 - - [27/Aug/2025:14:52:45 +0000] \"GET /api/blog/posts/advanced-state-management-zustand HTTP/1.1\" 200 -\n"}
{"level":"info","message":"::1 - - [27/Aug/2025:14:54:05 +0000] \"GET /api/blog/tags HTTP/1.1\" 304 -\n"}
{"level":"info","message":"::1 - - [27/Aug/2025:14:54:06 +0000] \"GET /api/blog/timeline HTTP/1.1\" 304 -\n"}
{"level":"info","message":"::1 - - [27/Aug/2025:14:54:06 +0000] \"GET /api/blog/tags HTTP/1.1\" 304 -\n"}
{"level":"info","message":"::1 - - [27/Aug/2025:14:54:06 +0000] \"GET /api/blog/timeline HTTP/1.1\" 304 -\n"}
{"level":"info","message":"::1 - - [27/Aug/2025:14:54:19 +0000] \"GET /api/portfolio/skills HTTP/1.1\" 200 -\n"}
{"level":"info","message":"::1 - - [27/Aug/2025:14:54:19 +0000] \"GET /api/portfolio/skills HTTP/1.1\" 304 -\n"}
{"level":"info","message":"::1 - - [27/Aug/2025:14:54:34 +0000] \"POST /api/particles/random HTTP/1.1\" 200 -\n"}
{"level":"info","message":"::1 - - [27/Aug/2025:14:54:39 +0000] \"POST /api/particles/random HTTP/1.1\" 200 -\n"}
{"level":"info","message":"::1 - - [27/Aug/2025:14:54:44 +0000] \"POST /api/particles/random HTTP/1.1\" 200 -\n"}
{"level":"info","message":"::1 - - [27/Aug/2025:14:54:49 +0000] \"POST /api/particles/random HTTP/1.1\" 200 -\n"}
{"level":"info","message":"::1 - - [27/Aug/2025:14:55:09 +0000] \"GET /api/blog/timeline HTTP/1.1\" 304 -\n"}
{"level":"info","message":"::1 - - [27/Aug/2025:14:55:09 +0000] \"GET /api/blog/tags HTTP/1.1\" 304 -\n"}
{"level":"info","message":"::1 - - [27/Aug/2025:14:55:09 +0000] \"GET /api/blog/timeline HTTP/1.1\" 304 -\n"}
{"level":"info","message":"::1 - - [27/Aug/2025:14:55:09 +0000] \"GET /api/blog/tags HTTP/1.1\" 304 -\n"}
{"level":"info","message":"::1 - - [27/Aug/2025:14:55:18 +0000] \"GET /api/blog/posts/building-interactive-3d-experiences-react-three-fiber HTTP/1.1\" 200 -\n"}
{"level":"info","message":"::1 - - [27/Aug/2025:14:55:18 +0000] \"GET /api/blog/posts/building-interactive-3d-experiences-react-three-fiber HTTP/1.1\" 200 -\n"}
{"level":"info","message":"::1 - - [27/Aug/2025:14:56:32 +0000] \"GET /api/blog/timeline HTTP/1.1\" 304 -\n"}
{"level":"info","message":"::1 - - [27/Aug/2025:14:56:32 +0000] \"GET /api/blog/tags HTTP/1.1\" 304 -\n"}
{"level":"info","message":"::1 - - [27/Aug/2025:14:56:32 +0000] \"GET /api/blog/timeline HTTP/1.1\" 304 -\n"}
{"level":"info","message":"::1 - - [27/Aug/2025:14:56:32 +0000] \"GET /api/blog/tags HTTP/1.1\" 304 -\n"}
{"level":"info","message":"::1 - - [27/Aug/2025:14:57:17 +0000] \"GET /api/blog/timeline HTTP/1.1\" 304 -\n"}
{"level":"info","message":"::1 - - [27/Aug/2025:14:57:17 +0000] \"GET /api/blog/tags HTTP/1.1\" 304 -\n"}
{"level":"info","message":"::1 - - [27/Aug/2025:14:57:17 +0000] \"GET /api/blog/timeline HTTP/1.1\" 304 -\n"}
{"level":"info","message":"::1 - - [27/Aug/2025:14:57:17 +0000] \"GET /api/blog/tags HTTP/1.1\" 304 -\n"}
{"level":"info","message":"::1 - - [27/Aug/2025:14:57:21 +0000] \"GET /api/portfolio/skills HTTP/1.1\" 304 -\n"}
{"level":"info","message":"::1 - - [27/Aug/2025:14:57:21 +0000] \"GET /api/portfolio/skills HTTP/1.1\" 304 -\n"}
{"level":"info","message":"::1 - - [27/Aug/2025:14:57:36 +0000] \"POST /api/particles/random HTTP/1.1\" 200 -\n"}
{"level":"info","message":"::1 - - [27/Aug/2025:14:57:41 +0000] \"POST /api/particles/random HTTP/1.1\" 200 -\n"}
{"level":"info","message":"::1 - - [27/Aug/2025:14:57:51 +0000] \"GET /api/blog/timeline HTTP/1.1\" 304 -\n"}
{"level":"info","message":"::1 - - [27/Aug/2025:14:57:51 +0000] \"GET /api/blog/tags HTTP/1.1\" 304 -\n"}
{"level":"info","message":"::1 - - [27/Aug/2025:14:57:51 +0000] \"GET /api/blog/timeline HTTP/1.1\" 304 -\n"}
{"level":"info","message":"::1 - - [27/Aug/2025:14:57:51 +0000] \"GET /api/blog/tags HTTP/1.1\" 304 -\n"}
{"level":"info","message":"::1 - - [27/Aug/2025:14:58:05 +0000] \"GET /api/portfolio/skills HTTP/1.1\" 304 -\n"}
{"level":"info","message":"::1 - - [27/Aug/2025:14:58:05 +0000] \"GET /api/portfolio/skills HTTP/1.1\" 304 -\n"}
{"level":"info","message":"::1 - - [27/Aug/2025:14:58:19 +0000] \"POST /api/particles/random HTTP/1.1\" 200 -\n"}
{"level":"info","message":"::1 - - [27/Aug/2025:14:58:24 +0000] \"POST /api/particles/random HTTP/1.1\" 200 -\n"}
{"level":"info","message":"::1 - - [27/Aug/2025:14:58:29 +0000] \"POST /api/particles/random HTTP/1.1\" 200 -\n"}
{"level":"info","message":"::1 - - [27/Aug/2025:14:58:34 +0000] \"POST /api/particles/random HTTP/1.1\" 200 -\n"}
{"level":"info","message":"::1 - - [27/Aug/2025:14:58:39 +0000] \"POST /api/particles/random HTTP/1.1\" 200 -\n"}
{"level":"info","message":"::1 - - [27/Aug/2025:15:01:57 +0000] \"GET /api/blog/tags HTTP/1.1\" 304 -\n"}
{"level":"info","message":"::1 - - [27/Aug/2025:15:01:57 +0000] \"GET /api/blog/timeline HTTP/1.1\" 304 -\n"}
{"level":"info","message":"::1 - - [27/Aug/2025:15:01:57 +0000] \"GET /api/blog/tags HTTP/1.1\" 304 -\n"}
{"level":"info","message":"::1 - - [27/Aug/2025:15:01:57 +0000] \"GET /api/blog/timeline HTTP/1.1\" 304 -\n"}
{"level":"info","message":"::ffff:127.0.0.1 - - [27/Aug/2025:15:17:25 +0000] \"POST /api/blog/posts HTTP/1.1\" 201 761\n"}
{"level":"info","message":"::ffff:127.0.0.1 - - [27/Aug/2025:15:17:25 +0000] \"GET /api/blog/posts/test-blog-post HTTP/1.1\" 200 761\n"}
{"level":"info","message":"::ffff:127.0.0.1 - - [27/Aug/2025:15:17:26 +0000] \"PUT /api/blog/posts/6 HTTP/1.1\" 200 729\n"}
{"level":"info","message":"::ffff:127.0.0.1 - - [27/Aug/2025:15:17:26 +0000] \"GET /api/blog/posts HTTP/1.1\" 200 -\n"}
{"level":"info","message":"::ffff:127.0.0.1 - - [27/Aug/2025:15:17:26 +0000] \"GET /api/blog/tags HTTP/1.1\" 200 627\n"}
{"level":"info","message":"::ffff:127.0.0.1 - - [27/Aug/2025:15:17:26 +0000] \"POST /api/blog/challenge/validate HTTP/1.1\" 200 52\n"}
{"level":"info","message":"::ffff:127.0.0.1 - - [27/Aug/2025:15:17:27 +0000] \"POST /api/blog/posts HTTP/1.1\" 500 54\n"}
{"level":"info","message":"::ffff:127.0.0.1 - - [27/Aug/2025:15:17:47 +0000] \"POST /api/blog/posts HTTP/1.1\" 201 761\n"}
{"level":"info","message":"::ffff:127.0.0.1 - - [27/Aug/2025:15:17:47 +0000] \"GET /api/blog/posts/test-blog-post HTTP/1.1\" 200 761\n"}
{"level":"info","message":"::ffff:127.0.0.1 - - [27/Aug/2025:15:17:47 +0000] \"PUT /api/blog/posts/7 HTTP/1.1\" 400 65\n"}
{"level":"info","message":"::ffff:127.0.0.1 - - [27/Aug/2025:15:19:09 +0000] \"GET /api/blog/posts HTTP/1.1\" 200 -\n"}
{"level":"info","message":"::ffff:127.0.0.1 - - [27/Aug/2025:15:19:09 +0000] \"GET /api/blog/tags HTTP/1.1\" 200 619\n"}
{"level":"info","message":"::1 - - [27/Aug/2025:15:25:00 +0000] \"GET /api/portfolio/skills HTTP/1.1\" 304 -\n"}
{"level":"info","message":"::1 - - [27/Aug/2025:15:25:00 +0000] \"GET /api/portfolio/skills HTTP/1.1\" 304 -\n"}
{"level":"info","message":"::1 - - [27/Aug/2025:15:25:15 +0000] \"POST /api/particles/random HTTP/1.1\" 200 -\n"}
{"level":"info","message":"::1 - - [27/Aug/2025:15:25:20 +0000] \"POST /api/particles/random HTTP/1.1\" 200 -\n"}
{"level":"info","message":"::1 - - [27/Aug/2025:15:25:25 +0000] \"POST /api/particles/random HTTP/1.1\" 200 -\n"}
{"level":"info","message":"::ffff:127.0.0.1 - - [27/Aug/2025:15:27:08 +0000] \"POST /api/blog/posts HTTP/1.1\" 201 674\n"}
{"level":"info","message":"::1 - - [27/Aug/2025:15:27:12 +0000] \"GET /api/blog/posts/this-just-a-test-article-take-it-easy HTTP/1.1\" 200 674\n"}
{"level":"info","message":"::1 - - [27/Aug/2025:15:27:12 +0000] \"GET /api/blog/posts/this-just-a-test-article-take-it-easy HTTP/1.1\" 200 674\n"}
{"level":"info","message":"::1 - - [27/Aug/2025:15:27:29 +0000] \"GET /api/blog/timeline HTTP/1.1\" 200 -\n"}
{"level":"info","message":"::1 - - [27/Aug/2025:15:27:29 +0000] \"GET /api/blog/tags HTTP/1.1\" 200 619\n"}
{"level":"info","message":"::1 - - [27/Aug/2025:15:27:29 +0000] \"GET /api/blog/tags HTTP/1.1\" 304 -\n"}
{"level":"info","message":"::1 - - [27/Aug/2025:15:27:29 +0000] \"GET /api/blog/timeline HTTP/1.1\" 304 -\n"}
{"level":"info","message":"::1 - - [27/Aug/2025:15:27:35 +0000] \"GET /api/blog/posts/this-just-a-test-article-take-it-easy HTTP/1.1\" 200 674\n"}
{"level":"info","message":"::1 - - [27/Aug/2025:15:27:35 +0000] \"GET /api/blog/posts/this-just-a-test-article-take-it-easy HTTP/1.1\" 200 674\n"}
{"level":"info","message":"::1 - - [27/Aug/2025:15:27:48 +0000] \"GET /api/blog/timeline HTTP/1.1\" 304 -\n"}
{"level":"info","message":"::1 - - [27/Aug/2025:15:27:48 +0000] \"GET /api/blog/tags HTTP/1.1\" 304 -\n"}
{"level":"info","message":"::1 - - [27/Aug/2025:15:27:48 +0000] \"GET /api/blog/timeline HTTP/1.1\" 304 -\n"}
{"level":"info","message":"::1 - - [27/Aug/2025:15:27:48 +0000] \"GET /api/blog/tags HTTP/1.1\" 304 -\n"}
{"level":"info","message":"::ffff:127.0.0.1 - - [27/Aug/2025:15:27:59 +0000] \"GET /api/blog/posts?limit=50 HTTP/1.1\" 200 -\n"}
{"level":"info","message":"::ffff:127.0.0.1 - - [27/Aug/2025:15:27:59 +0000] \"GET /api/blog/drafts?limit=50 HTTP/1.1\" 200 91\n"}
{"level":"info","message":"::ffff:127.0.0.1 - - [27/Aug/2025:15:27:59 +0000] \"GET /api/blog/posts?limit=50 HTTP/1.1\" 200 -\n"}
{"level":"info","message":"::ffff:127.0.0.1 - - [27/Aug/2025:15:27:59 +0000] \"GET /api/blog/drafts?limit=50 HTTP/1.1\" 200 91\n"}
{"level":"info","message":"::ffff:127.0.0.1 - - [27/Aug/2025:15:28:09 +0000] \"GET /api/blog/posts/this-just-a-test-article-take-it-easy HTTP/1.1\" 200 674\n"}
{"level":"info","message":"::ffff:127.0.0.1 - - [27/Aug/2025:15:28:09 +0000] \"GET /api/blog/posts/this-just-a-test-article-take-it-easy HTTP/1.1\" 200 674\n"}
{"level":"info","message":"::ffff:127.0.0.1 - - [27/Aug/2025:15:28:25 +0000] \"GET /api/blog/posts?limit=50 HTTP/1.1\" 200 -\n"}
{"level":"info","message":"::ffff:127.0.0.1 - - [27/Aug/2025:15:28:25 +0000] \"GET /api/blog/drafts?limit=50 HTTP/1.1\" 200 91\n"}
{"level":"info","message":"::ffff:127.0.0.1 - - [27/Aug/2025:15:28:25 +0000] \"GET /api/blog/posts?limit=50 HTTP/1.1\" 200 -\n"}
{"level":"info","message":"::ffff:127.0.0.1 - - [27/Aug/2025:15:28:25 +0000] \"GET /api/blog/drafts?limit=50 HTTP/1.1\" 200 91\n"}
{"level":"info","message":"::1 - - [27/Aug/2025:15:28:31 +0000] \"GET /api/blog/posts/this-just-a-test-article-take-it-easy HTTP/1.1\" 200 674\n"}
{"level":"info","message":"::1 - - [27/Aug/2025:15:28:32 +0000] \"GET /api/blog/posts/this-just-a-test-article-take-it-easy HTTP/1.1\" 200 674\n"}
{"level":"info","message":"::1 - - [27/Aug/2025:15:28:35 +0000] \"GET /api/blog/tags HTTP/1.1\" 304 -\n"}
{"level":"info","message":"::1 - - [27/Aug/2025:15:28:35 +0000] \"GET /api/blog/timeline HTTP/1.1\" 304 -\n"}
{"level":"info","message":"::1 - - [27/Aug/2025:15:28:36 +0000] \"GET /api/blog/timeline HTTP/1.1\" 304 -\n"}
{"level":"info","message":"::1 - - [27/Aug/2025:15:28:36 +0000] \"GET /api/blog/tags HTTP/1.1\" 304 -\n"}
{"level":"info","message":"::ffff:127.0.0.1 - - [27/Aug/2025:15:29:01 +0000] \"GET /api/blog/posts?limit=50 HTTP/1.1\" 200 -\n"}
{"level":"info","message":"::ffff:127.0.0.1 - - [27/Aug/2025:15:29:01 +0000] \"GET /api/blog/drafts?limit=50 HTTP/1.1\" 200 91\n"}
{"level":"info","message":"::ffff:127.0.0.1 - - [27/Aug/2025:15:29:01 +0000] \"GET /api/blog/posts?limit=50 HTTP/1.1\" 200 -\n"}
{"level":"info","message":"::ffff:127.0.0.1 - - [27/Aug/2025:15:29:02 +0000] \"GET /api/blog/drafts?limit=50 HTTP/1.1\" 200 91\n"}
{"level":"info","message":"::1 - - [27/Aug/2025:15:29:07 +0000] \"GET /api/blog/timeline HTTP/1.1\" 304 -\n"}
{"level":"info","message":"::1 - - [27/Aug/2025:15:29:07 +0000] \"GET /api/blog/tags HTTP/1.1\" 304 -\n"}
{"level":"info","message":"::1 - - [27/Aug/2025:15:29:07 +0000] \"GET /api/blog/timeline HTTP/1.1\" 304 -\n"}
{"level":"info","message":"::1 - - [27/Aug/2025:15:29:07 +0000] \"GET /api/blog/tags HTTP/1.1\" 304 -\n"}
{"level":"info","message":"::1 - - [27/Aug/2025:15:29:15 +0000] \"GET /api/blog/timeline HTTP/1.1\" 304 -\n"}
{"level":"info","message":"::1 - - [27/Aug/2025:15:29:15 +0000] \"GET /api/blog/tags HTTP/1.1\" 304 -\n"}
{"level":"info","message":"::1 - - [27/Aug/2025:15:29:15 +0000] \"GET /api/blog/timeline HTTP/1.1\" 304 -\n"}
{"level":"info","message":"::1 - - [27/Aug/2025:15:29:15 +0000] \"GET /api/blog/tags HTTP/1.1\" 304 -\n"}
{"level":"info","message":"::1 - - [27/Aug/2025:15:29:27 +0000] \"GET /api/blog/posts/building-interactive-3d-experiences-react-three-fiber HTTP/1.1\" 200 -\n"}
{"level":"info","message":"::1 - - [27/Aug/2025:15:29:27 +0000] \"GET /api/blog/posts/building-interactive-3d-experiences-react-three-fiber HTTP/1.1\" 200 -\n"}
